INFO 2026-03-03 11:16:09,956 GET /api/genres/ 401 25ms
INFO 2026-03-03 11:16:09,957 GET /api/movies/ 401 24ms
INFO 2026-03-03 11:16:09,986 POST /api/auth/token/refresh/ 401 3ms
INFO 2026-03-03 11:16:11,095 GET /api/movies/ 200 81ms
INFO 2026-03-03 11:16:11,100 GET /api/genres/ 200 80ms
INFO 2026-03-03 11:19:13,380 GET /api/movies/ 200 80ms
INFO 2026-03-03 11:19:13,389 GET /api/genres/ 200 85ms
INFO 2026-03-03 11:28:22,310 GET /api/movies/ 200 81ms
INFO 2026-03-03 11:35:14,650 GET /api/movies/ 200 62ms
INFO 2026-03-03 11:35:14,663 GET /api/genres/ 200 54ms
INFO 2026-03-03 11:40:41,798 GET /api/movies/ 200 29ms
INFO 2026-03-03 11:40:43,761 GET /api/movies/ 200 50ms
INFO 2026-03-03 11:40:43,764 GET /api/genres/ 200 50ms
INFO 2026-03-03 11:48:46,253 GET /api/genres/ 200 36ms
INFO 2026-03-03 11:48:46,261 GET /api/movies/ 200 49ms
INFO 2026-03-03 11:48:56,930 GET /api/movies/117867/ 200 37ms
INFO 2026-03-03 11:49:02,188 POST /api/auth/login/ 401 584ms
INFO 2026-03-03 11:49:46,272 POST /api/auth/register/ 201 723ms
INFO 2026-03-03 11:49:48,697 GET /api/movies/97757/ 200 39ms
INFO 2026-03-03 11:49:49,858 POST /api/ratings/ 201 43ms
INFO 2026-03-03 11:49:49,900 GET /api/movies/97757/ 200 35ms
INFO 2026-03-03 11:49:52,730 GET /api/genres/ 200 38ms
INFO 2026-03-03 11:49:52,738 GET /api/movies/ 200 48ms
INFO 2026-03-03 11:49:54,690 GET /api/movies/2072/ 200 36ms
INFO 2026-03-03 11:49:57,840 POST /api/ratings/ 201 39ms
INFO 2026-03-03 11:49:57,878 GET /api/movies/97757/ 200 33ms
INFO 2026-03-03 11:49:58,885 GET /api/genres/ 200 38ms
INFO 2026-03-03 11:49:58,892 GET /api/movies/ 200 47ms
INFO 2026-03-03 11:50:01,561 GET /api/health/ 404 6ms
INFO 2026-03-03 11:50:41,353 GET /api/health/ 404 4ms
INFO 2026-03-03 11:50:55,067 GET /api/health/ 404 5ms
INFO 2026-03-03 11:50:58,380 GET /api/health/ 404 3ms
INFO 2026-03-03 11:51:09,110 GET /api/genres/ 200 53ms
INFO 2026-03-03 11:51:09,120 GET /api/movies/ 200 65ms
INFO 2026-03-03 11:51:10,479 GET /api/health/ 404 5ms
INFO 2026-03-03 11:56:41,193 GET /api/health/ 200 29ms
INFO 2026-03-03 11:56:45,664 GET /api/genres/ 200 60ms
INFO 2026-03-03 11:56:45,685 GET /api/movies/ 200 83ms
INFO 2026-03-03 11:56:48,560 GET /api/genres/ 200 55ms
INFO 2026-03-03 11:56:48,572 GET /api/movies/ 200 68ms
INFO 2026-03-03 11:56:49,171 GET /api/health/ 200 32ms
INFO 2026-03-03 11:57:01,428 GET /api/movies/ 200 48ms
INFO 2026-03-03 11:57:06,324 GET /api/movies/ 200 49ms
INFO 2026-03-03 11:57:06,759 GET /api/movies/ 200 47ms
INFO 2026-03-03 11:57:07,823 GET /api/movies/ 200 47ms
INFO 2026-03-03 11:57:08,493 GET /api/movies/ 200 147ms
INFO 2026-03-03 11:58:02,317 GET /api/movies/ 200 41ms
INFO 2026-03-03 11:58:03,777 GET /api/movies/ 200 54ms
INFO 2026-03-03 11:58:09,377 GET /api/movies/3841/ 200 38ms
INFO 2026-03-03 11:58:11,095 GET /api/movies/2072/ 200 147ms
INFO 2026-03-03 11:58:12,052 GET /api/movies/3112/ 200 36ms
INFO 2026-03-03 11:58:13,176 GET /api/movies/97757/ 200 38ms
INFO 2026-03-03 12:00:47,782 POST /api/ratings/ 201 42ms
INFO 2026-03-03 12:00:47,822 GET /api/movies/97757/ 200 33ms
INFO 2026-03-03 12:00:50,364 GET /api/genres/ 200 41ms
INFO 2026-03-03 12:00:50,371 GET /api/movies/ 200 49ms
INFO 2026-03-03 12:00:52,126 POST /api/ratings/ 201 36ms
INFO 2026-03-03 12:00:52,165 GET /api/movies/97757/ 200 32ms
INFO 2026-03-03 12:00:53,127 GET /api/movies/ 200 52ms
INFO 2026-03-03 12:00:53,235 GET /api/genres/ 200 158ms
INFO 2026-03-03 12:00:54,600 POST /api/ratings/ 201 36ms
INFO 2026-03-03 12:00:54,739 GET /api/movies/97757/ 200 132ms
INFO 2026-03-03 12:00:55,270 GET /api/genres/ 200 42ms
INFO 2026-03-03 12:00:55,278 GET /api/movies/ 200 53ms
INFO 2026-03-03 12:01:00,991 GET /api/health/ 200 33ms
INFO 2026-03-03 12:01:06,330 GET /api/movies/ 200 45ms
INFO 2026-03-03 12:01:09,625 GET /api/movies/66335/ 200 37ms
INFO 2026-03-03 12:02:05,544 GET /api/movies/ 200 46ms
INFO 2026-03-03 13:42:22,281 GET /api/movies/ 401 20ms
INFO 2026-03-03 13:42:22,326 POST /api/auth/token/refresh/ 200 32ms
INFO 2026-03-03 13:42:22,388 GET /api/movies/ 200 57ms
INFO 2026-03-03 13:42:26,162 GET /api/genres/ 200 41ms
INFO 2026-03-03 13:42:26,287 GET /api/movies/ 200 168ms
INFO 2026-03-03 13:43:35,103 GET /api/genres/ 200 43ms
INFO 2026-03-03 13:43:35,123 GET /api/movies/ 200 64ms
INFO 2026-03-03 13:44:39,487 GET /api/genres/ 200 43ms
INFO 2026-03-03 13:44:39,504 GET /api/movies/ 200 63ms
INFO 2026-03-03 13:44:51,673 GET /api/movies/ 200 57ms
INFO 2026-03-03 13:46:22,909 GET /api/movies/trending/ 200 42ms
INFO 2026-03-03 13:46:40,768 GET /api/movies/5618/ 200 39ms
INFO 2026-03-03 13:48:47,767 GET /api/movies/1270/ 200 37ms
INFO 2026-03-03 13:48:53,566 GET /api/movies/1270/ 200 45ms
INFO 2026-03-03 13:50:38,697 GET /api/movies/ 200 57ms
INFO 2026-03-03 13:50:38,740 GET /api/genres/ 200 38ms
INFO 2026-03-03 13:50:38,793 GET /api/movies/trending/ 200 49ms
INFO 2026-03-03 13:50:53,985 GET /api/health/ 200 32ms
INFO 2026-03-03 13:52:35,084 GET /api/movies/ 200 57ms
INFO 2026-03-03 13:52:35,120 GET /api/genres/ 200 32ms
INFO 2026-03-03 13:52:35,180 GET /api/movies/trending/ 200 54ms
INFO 2026-03-03 13:53:25,370 GET /api/genres/ 200 49ms
INFO 2026-03-03 13:53:25,390 GET /api/movies/trending/ 200 67ms
INFO 2026-03-03 13:53:25,393 GET /api/movies/ 200 75ms
INFO 2026-03-03 13:55:15,432 GET /api/genres/ 200 51ms
INFO 2026-03-03 13:55:15,454 GET /api/movies/trending/ 200 71ms
INFO 2026-03-03 13:55:15,458 GET /api/movies/ 200 78ms
INFO 2026-03-03 13:55:21,677 GET /api/movies/260/ 200 37ms
INFO 2026-03-03 13:55:28,981 GET /api/movies/ 200 57ms
INFO 2026-03-03 13:55:48,534 GET /api/movies/ 200 124ms
INFO 2026-03-03 13:58:50,562 GET /api/movies/ 200 52ms
INFO 2026-03-03 13:58:51,960 GET /api/movies/260/ 200 37ms
INFO 2026-03-03 13:58:55,074 POST /api/ratings/ 201 47ms
INFO 2026-03-03 13:58:55,116 GET /api/movies/260/ 200 35ms
INFO 2026-03-03 13:58:59,994 GET /api/genres/ 200 39ms
INFO 2026-03-03 13:59:00,015 GET /api/movies/ 200 61ms
INFO 2026-03-03 13:59:00,056 GET /api/movies/trending/ 200 58ms
INFO 2026-03-03 13:59:28,180 GET /api/health/ 200 34ms
